10-May-2025 00:01:18.004 INFO [main] org.apache.catalina.startup.VersionLoggerListener.log Server version name:   Apache Tomcat/10.1.40
10-May-2025 00:01:18.008 INFO [main] org.apache.catalina.startup.VersionLoggerListener.log Server built:          Apr 1 2025 17:20:53 UTC
10-May-2025 00:01:18.008 INFO [main] org.apache.catalina.startup.VersionLoggerListener.log Server version number: 10.1.40.0
10-May-2025 00:01:18.008 INFO [main] org.apache.catalina.startup.VersionLoggerListener.log OS Name:               Windows 11
10-May-2025 00:01:18.008 INFO [main] org.apache.catalina.startup.VersionLoggerListener.log OS Version:            10.0
10-May-2025 00:01:18.008 INFO [main] org.apache.catalina.startup.VersionLoggerListener.log Architecture:          amd64
10-May-2025 00:01:18.008 INFO [main] org.apache.catalina.startup.VersionLoggerListener.log Java Home:             C:\Users\kmwei\Desktop\OnlineTestingPortalPackage\OnlineTestingPortal\jdk-17
10-May-2025 00:01:18.009 INFO [main] org.apache.catalina.startup.VersionLoggerListener.log JVM Version:           17.0.15+6
10-May-2025 00:01:18.009 INFO [main] org.apache.catalina.startup.VersionLoggerListener.log JVM Vendor:            Eclipse Adoptium
10-May-2025 00:01:18.009 INFO [main] org.apache.catalina.startup.VersionLoggerListener.log CATALINA_BASE:         C:\Users\kmwei\Desktop\OnlineTestingPortalPackage\OnlineTestingPortal\apache-tomcat
10-May-2025 00:01:18.009 INFO [main] org.apache.catalina.startup.VersionLoggerListener.log CATALINA_HOME:         C:\Users\kmwei\Desktop\OnlineTestingPortalPackage\OnlineTestingPortal\apache-tomcat
10-May-2025 00:01:18.015 INFO [main] org.apache.catalina.startup.VersionLoggerListener.log Command line argument: -Djava.util.logging.config.file=C:\Users\kmwei\Desktop\OnlineTestingPortalPackage\OnlineTestingPortal\apache-tomcat\conf\logging.properties
10-May-2025 00:01:18.016 INFO [main] org.apache.catalina.startup.VersionLoggerListener.log Command line argument: -Djava.util.logging.manager=org.apache.juli.ClassLoaderLogManager
10-May-2025 00:01:18.016 INFO [main] org.apache.catalina.startup.VersionLoggerListener.log Command line argument: -Djdk.tls.ephemeralDHKeySize=2048
10-May-2025 00:01:18.016 INFO [main] org.apache.catalina.startup.VersionLoggerListener.log Command line argument: -Djava.protocol.handler.pkgs=org.apache.catalina.webresources
10-May-2025 00:01:18.016 INFO [main] org.apache.catalina.startup.VersionLoggerListener.log Command line argument: -Dsun.io.useCanonCaches=false
10-May-2025 00:01:18.016 INFO [main] org.apache.catalina.startup.VersionLoggerListener.log Command line argument: --add-opens=java.base/java.lang=ALL-UNNAMED
10-May-2025 00:01:18.016 INFO [main] org.apache.catalina.startup.VersionLoggerListener.log Command line argument: --add-opens=java.base/java.lang.reflect=ALL-UNNAMED
10-May-2025 00:01:18.016 INFO [main] org.apache.catalina.startup.VersionLoggerListener.log Command line argument: --add-opens=java.base/java.io=ALL-UNNAMED
10-May-2025 00:01:18.016 INFO [main] org.apache.catalina.startup.VersionLoggerListener.log Command line argument: --add-opens=java.base/java.util=ALL-UNNAMED
10-May-2025 00:01:18.016 INFO [main] org.apache.catalina.startup.VersionLoggerListener.log Command line argument: --add-opens=java.base/java.util.concurrent=ALL-UNNAMED
10-May-2025 00:01:18.016 INFO [main] org.apache.catalina.startup.VersionLoggerListener.log Command line argument: --add-opens=java.rmi/sun.rmi.transport=ALL-UNNAMED
10-May-2025 00:01:18.016 INFO [main] org.apache.catalina.startup.VersionLoggerListener.log Command line argument: -Dcatalina.base=C:\Users\kmwei\Desktop\OnlineTestingPortalPackage\OnlineTestingPortal\apache-tomcat
10-May-2025 00:01:18.017 INFO [main] org.apache.catalina.startup.VersionLoggerListener.log Command line argument: -Dcatalina.home=C:\Users\kmwei\Desktop\OnlineTestingPortalPackage\OnlineTestingPortal\apache-tomcat
10-May-2025 00:01:18.017 INFO [main] org.apache.catalina.startup.VersionLoggerListener.log Command line argument: -Djava.io.tmpdir=C:\Users\kmwei\Desktop\OnlineTestingPortalPackage\OnlineTestingPortal\apache-tomcat\temp
10-May-2025 00:01:18.018 INFO [main] org.apache.catalina.core.AprLifecycleListener.lifecycleEvent Loaded Apache Tomcat Native library [2.0.8] using APR version [1.7.4].
10-May-2025 00:01:18.021 INFO [main] org.apache.catalina.core.AprLifecycleListener.initializeSSL OpenSSL successfully initialized [OpenSSL 3.0.14 4 Jun 2024]
10-May-2025 00:01:18.159 INFO [main] org.apache.coyote.AbstractProtocol.init Initializing ProtocolHandler ["http-nio-8080"]
10-May-2025 00:01:18.176 INFO [main] org.apache.catalina.startup.Catalina.load Server initialization in [266] milliseconds
10-May-2025 00:01:18.220 INFO [main] org.apache.catalina.core.StandardService.startInternal Starting service [Catalina]
10-May-2025 00:01:18.220 INFO [main] org.apache.catalina.core.StandardEngine.startInternal Starting Servlet engine: [Apache Tomcat/10.1.40]
10-May-2025 00:01:18.229 INFO [main] org.apache.catalina.startup.HostConfig.deployDirectory Deploying web application directory [C:\Users\kmwei\Desktop\OnlineTestingPortalPackage\OnlineTestingPortal\apache-tomcat\webapps\OnlineTestingPortal]
10-May-2025 00:01:18.781 INFO [main] org.apache.jasper.servlet.TldScanner.scanJars At least one JAR was scanned for TLDs yet contained no TLDs. Enable debug logging for this logger for a complete list of JARs that were scanned but no TLDs were found in them. Skipping unneeded JARs during scanning can improve startup time and JSP compilation time.
10-May-2025 00:01:18.837 INFO [main] org.apache.catalina.startup.HostConfig.deployDirectory Deployment of web application directory [C:\Users\kmwei\Desktop\OnlineTestingPortalPackage\OnlineTestingPortal\apache-tomcat\webapps\OnlineTestingPortal] has finished in [608] ms
10-May-2025 00:01:18.837 INFO [main] org.apache.catalina.startup.HostConfig.deployDirectory Deploying web application directory [C:\Users\kmwei\Desktop\OnlineTestingPortalPackage\OnlineTestingPortal\apache-tomcat\webapps\ROOT]
10-May-2025 00:01:18.986 INFO [main] org.apache.jasper.servlet.TldScanner.scanJars At least one JAR was scanned for TLDs yet contained no TLDs. Enable debug logging for this logger for a complete list of JARs that were scanned but no TLDs were found in them. Skipping unneeded JARs during scanning can improve startup time and JSP compilation time.
10-May-2025 00:01:18.988 INFO [main] org.apache.catalina.startup.HostConfig.deployDirectory Deployment of web application directory [C:\Users\kmwei\Desktop\OnlineTestingPortalPackage\OnlineTestingPortal\apache-tomcat\webapps\ROOT] has finished in [151] ms
10-May-2025 00:01:18.991 INFO [main] org.apache.coyote.AbstractProtocol.start Starting ProtocolHandler ["http-nio-8080"]
10-May-2025 00:01:19.015 INFO [main] org.apache.catalina.startup.Catalina.start Server startup in [838] milliseconds
10-May-2025 11:26:57.766 INFO [main] org.apache.catalina.startup.VersionLoggerListener.log Server version name:   Apache Tomcat/10.1.40
10-May-2025 11:26:57.769 INFO [main] org.apache.catalina.startup.VersionLoggerListener.log Server built:          Apr 1 2025 17:20:53 UTC
10-May-2025 11:26:57.770 INFO [main] org.apache.catalina.startup.VersionLoggerListener.log Server version number: 10.1.40.0
10-May-2025 11:26:57.770 INFO [main] org.apache.catalina.startup.VersionLoggerListener.log OS Name:               Windows 11
10-May-2025 11:26:57.770 INFO [main] org.apache.catalina.startup.VersionLoggerListener.log OS Version:            10.0
10-May-2025 11:26:57.770 INFO [main] org.apache.catalina.startup.VersionLoggerListener.log Architecture:          amd64
10-May-2025 11:26:57.770 INFO [main] org.apache.catalina.startup.VersionLoggerListener.log Java Home:             C:\Users\kmwei\Desktop\OnlineTestingPortalPackage\OnlineTestingPortal\jdk-17
10-May-2025 11:26:57.770 INFO [main] org.apache.catalina.startup.VersionLoggerListener.log JVM Version:           17.0.15+6
10-May-2025 11:26:57.770 INFO [main] org.apache.catalina.startup.VersionLoggerListener.log JVM Vendor:            Eclipse Adoptium
10-May-2025 11:26:57.771 INFO [main] org.apache.catalina.startup.VersionLoggerListener.log CATALINA_BASE:         C:\Users\kmwei\Desktop\OnlineTestingPortalPackage\OnlineTestingPortal\apache-tomcat
10-May-2025 11:26:57.771 INFO [main] org.apache.catalina.startup.VersionLoggerListener.log CATALINA_HOME:         C:\Users\kmwei\Desktop\OnlineTestingPortalPackage\OnlineTestingPortal\apache-tomcat
10-May-2025 11:26:57.780 INFO [main] org.apache.catalina.startup.VersionLoggerListener.log Command line argument: -Djava.util.logging.config.file=C:\Users\kmwei\Desktop\OnlineTestingPortalPackage\OnlineTestingPortal\apache-tomcat\conf\logging.properties
10-May-2025 11:26:57.780 INFO [main] org.apache.catalina.startup.VersionLoggerListener.log Command line argument: -Djava.util.logging.manager=org.apache.juli.ClassLoaderLogManager
10-May-2025 11:26:57.780 INFO [main] org.apache.catalina.startup.VersionLoggerListener.log Command line argument: -Djdk.tls.ephemeralDHKeySize=2048
10-May-2025 11:26:57.780 INFO [main] org.apache.catalina.startup.VersionLoggerListener.log Command line argument: -Djava.protocol.handler.pkgs=org.apache.catalina.webresources
10-May-2025 11:26:57.780 INFO [main] org.apache.catalina.startup.VersionLoggerListener.log Command line argument: -Dsun.io.useCanonCaches=false
10-May-2025 11:26:57.781 INFO [main] org.apache.catalina.startup.VersionLoggerListener.log Command line argument: --add-opens=java.base/java.lang=ALL-UNNAMED
10-May-2025 11:26:57.781 INFO [main] org.apache.catalina.startup.VersionLoggerListener.log Command line argument: --add-opens=java.base/java.lang.reflect=ALL-UNNAMED
10-May-2025 11:26:57.781 INFO [main] org.apache.catalina.startup.VersionLoggerListener.log Command line argument: --add-opens=java.base/java.io=ALL-UNNAMED
10-May-2025 11:26:57.781 INFO [main] org.apache.catalina.startup.VersionLoggerListener.log Command line argument: --add-opens=java.base/java.util=ALL-UNNAMED
10-May-2025 11:26:57.781 INFO [main] org.apache.catalina.startup.VersionLoggerListener.log Command line argument: --add-opens=java.base/java.util.concurrent=ALL-UNNAMED
10-May-2025 11:26:57.782 INFO [main] org.apache.catalina.startup.VersionLoggerListener.log Command line argument: --add-opens=java.rmi/sun.rmi.transport=ALL-UNNAMED
10-May-2025 11:26:57.782 INFO [main] org.apache.catalina.startup.VersionLoggerListener.log Command line argument: -Dcatalina.base=C:\Users\kmwei\Desktop\OnlineTestingPortalPackage\OnlineTestingPortal\apache-tomcat
10-May-2025 11:26:57.782 INFO [main] org.apache.catalina.startup.VersionLoggerListener.log Command line argument: -Dcatalina.home=C:\Users\kmwei\Desktop\OnlineTestingPortalPackage\OnlineTestingPortal\apache-tomcat
10-May-2025 11:26:57.782 INFO [main] org.apache.catalina.startup.VersionLoggerListener.log Command line argument: -Djava.io.tmpdir=C:\Users\kmwei\Desktop\OnlineTestingPortalPackage\OnlineTestingPortal\apache-tomcat\temp
10-May-2025 11:26:57.834 INFO [main] org.apache.catalina.core.AprLifecycleListener.lifecycleEvent Loaded Apache Tomcat Native library [2.0.8] using APR version [1.7.4].
10-May-2025 11:26:57.838 INFO [main] org.apache.catalina.core.AprLifecycleListener.initializeSSL OpenSSL successfully initialized [OpenSSL 3.0.14 4 Jun 2024]
10-May-2025 11:26:57.980 INFO [main] org.apache.coyote.AbstractProtocol.init Initializing ProtocolHandler ["http-nio-8080"]
10-May-2025 11:26:58.016 INFO [main] org.apache.catalina.startup.Catalina.load Server initialization in [358] milliseconds
10-May-2025 11:26:58.056 INFO [main] org.apache.catalina.core.StandardService.startInternal Starting service [Catalina]
10-May-2025 11:26:58.056 INFO [main] org.apache.catalina.core.StandardEngine.startInternal Starting Servlet engine: [Apache Tomcat/10.1.40]
10-May-2025 11:26:58.062 INFO [main] org.apache.catalina.startup.HostConfig.deployDirectory Deploying web application directory [C:\Users\kmwei\Desktop\OnlineTestingPortalPackage\OnlineTestingPortal\apache-tomcat\webapps\OnlineTestingPortal]
10-May-2025 11:26:58.576 INFO [main] org.apache.jasper.servlet.TldScanner.scanJars At least one JAR was scanned for TLDs yet contained no TLDs. Enable debug logging for this logger for a complete list of JARs that were scanned but no TLDs were found in them. Skipping unneeded JARs during scanning can improve startup time and JSP compilation time.
10-May-2025 11:26:58.626 INFO [main] org.apache.catalina.startup.HostConfig.deployDirectory Deployment of web application directory [C:\Users\kmwei\Desktop\OnlineTestingPortalPackage\OnlineTestingPortal\apache-tomcat\webapps\OnlineTestingPortal] has finished in [564] ms
10-May-2025 11:26:58.627 INFO [main] org.apache.catalina.startup.HostConfig.deployDirectory Deploying web application directory [C:\Users\kmwei\Desktop\OnlineTestingPortalPackage\OnlineTestingPortal\apache-tomcat\webapps\ROOT]
10-May-2025 11:26:58.784 INFO [main] org.apache.jasper.servlet.TldScanner.scanJars At least one JAR was scanned for TLDs yet contained no TLDs. Enable debug logging for this logger for a complete list of JARs that were scanned but no TLDs were found in them. Skipping unneeded JARs during scanning can improve startup time and JSP compilation time.
10-May-2025 11:26:58.786 INFO [main] org.apache.catalina.startup.HostConfig.deployDirectory Deployment of web application directory [C:\Users\kmwei\Desktop\OnlineTestingPortalPackage\OnlineTestingPortal\apache-tomcat\webapps\ROOT] has finished in [159] ms
10-May-2025 11:26:58.788 INFO [main] org.apache.coyote.AbstractProtocol.start Starting ProtocolHandler ["http-nio-8080"]
10-May-2025 11:26:58.811 INFO [main] org.apache.catalina.startup.Catalina.start Server startup in [795] milliseconds
10-May-2025 11:35:26.132 INFO [main] org.apache.catalina.startup.VersionLoggerListener.log Server version name:   Apache Tomcat/10.1.40
10-May-2025 11:35:26.135 INFO [main] org.apache.catalina.startup.VersionLoggerListener.log Server built:          Apr 1 2025 17:20:53 UTC
10-May-2025 11:35:26.135 INFO [main] org.apache.catalina.startup.VersionLoggerListener.log Server version number: 10.1.40.0
10-May-2025 11:35:26.135 INFO [main] org.apache.catalina.startup.VersionLoggerListener.log OS Name:               Windows 11
10-May-2025 11:35:26.135 INFO [main] org.apache.catalina.startup.VersionLoggerListener.log OS Version:            10.0
10-May-2025 11:35:26.135 INFO [main] org.apache.catalina.startup.VersionLoggerListener.log Architecture:          amd64
10-May-2025 11:35:26.135 INFO [main] org.apache.catalina.startup.VersionLoggerListener.log Java Home:             C:\Users\kmwei\Desktop\OnlineTestingPortalPackage\OnlineTestingPortal\jdk-17
10-May-2025 11:35:26.135 INFO [main] org.apache.catalina.startup.VersionLoggerListener.log JVM Version:           17.0.15+6
10-May-2025 11:35:26.135 INFO [main] org.apache.catalina.startup.VersionLoggerListener.log JVM Vendor:            Eclipse Adoptium
10-May-2025 11:35:26.135 INFO [main] org.apache.catalina.startup.VersionLoggerListener.log CATALINA_BASE:         C:\Users\kmwei\Desktop\OnlineTestingPortalPackage\OnlineTestingPortal\apache-tomcat
10-May-2025 11:35:26.136 INFO [main] org.apache.catalina.startup.VersionLoggerListener.log CATALINA_HOME:         C:\Users\kmwei\Desktop\OnlineTestingPortalPackage\OnlineTestingPortal\apache-tomcat
10-May-2025 11:35:26.140 INFO [main] org.apache.catalina.startup.VersionLoggerListener.log Command line argument: -Djava.util.logging.config.file=C:\Users\kmwei\Desktop\OnlineTestingPortalPackage\OnlineTestingPortal\apache-tomcat\conf\logging.properties
10-May-2025 11:35:26.140 INFO [main] org.apache.catalina.startup.VersionLoggerListener.log Command line argument: -Djava.util.logging.manager=org.apache.juli.ClassLoaderLogManager
10-May-2025 11:35:26.140 INFO [main] org.apache.catalina.startup.VersionLoggerListener.log Command line argument: -Djdk.tls.ephemeralDHKeySize=2048
10-May-2025 11:35:26.141 INFO [main] org.apache.catalina.startup.VersionLoggerListener.log Command line argument: -Djava.protocol.handler.pkgs=org.apache.catalina.webresources
10-May-2025 11:35:26.141 INFO [main] org.apache.catalina.startup.VersionLoggerListener.log Command line argument: -Dsun.io.useCanonCaches=false
10-May-2025 11:35:26.141 INFO [main] org.apache.catalina.startup.VersionLoggerListener.log Command line argument: --add-opens=java.base/java.lang=ALL-UNNAMED
10-May-2025 11:35:26.141 INFO [main] org.apache.catalina.startup.VersionLoggerListener.log Command line argument: --add-opens=java.base/java.lang.reflect=ALL-UNNAMED
10-May-2025 11:35:26.141 INFO [main] org.apache.catalina.startup.VersionLoggerListener.log Command line argument: --add-opens=java.base/java.io=ALL-UNNAMED
10-May-2025 11:35:26.141 INFO [main] org.apache.catalina.startup.VersionLoggerListener.log Command line argument: --add-opens=java.base/java.util=ALL-UNNAMED
10-May-2025 11:35:26.141 INFO [main] org.apache.catalina.startup.VersionLoggerListener.log Command line argument: --add-opens=java.base/java.util.concurrent=ALL-UNNAMED
10-May-2025 11:35:26.141 INFO [main] org.apache.catalina.startup.VersionLoggerListener.log Command line argument: --add-opens=java.rmi/sun.rmi.transport=ALL-UNNAMED
10-May-2025 11:35:26.141 INFO [main] org.apache.catalina.startup.VersionLoggerListener.log Command line argument: -Dcatalina.base=C:\Users\kmwei\Desktop\OnlineTestingPortalPackage\OnlineTestingPortal\apache-tomcat
10-May-2025 11:35:26.142 INFO [main] org.apache.catalina.startup.VersionLoggerListener.log Command line argument: -Dcatalina.home=C:\Users\kmwei\Desktop\OnlineTestingPortalPackage\OnlineTestingPortal\apache-tomcat
10-May-2025 11:35:26.142 INFO [main] org.apache.catalina.startup.VersionLoggerListener.log Command line argument: -Djava.io.tmpdir=C:\Users\kmwei\Desktop\OnlineTestingPortalPackage\OnlineTestingPortal\apache-tomcat\temp
10-May-2025 11:35:26.143 INFO [main] org.apache.catalina.core.AprLifecycleListener.lifecycleEvent Loaded Apache Tomcat Native library [2.0.8] using APR version [1.7.4].
10-May-2025 11:35:26.146 INFO [main] org.apache.catalina.core.AprLifecycleListener.initializeSSL OpenSSL successfully initialized [OpenSSL 3.0.14 4 Jun 2024]
10-May-2025 11:35:26.278 INFO [main] org.apache.coyote.AbstractProtocol.init Initializing ProtocolHandler ["http-nio-8080"]
10-May-2025 11:35:26.295 SEVERE [main] org.apache.catalina.util.LifecycleBase.handleSubClassException Failed to initialize component [Connector["http-nio-8080"]]
	org.apache.catalina.LifecycleException: Protocol handler initialization failed
		at org.apache.catalina.connector.Connector.initInternal(Connector.java:1051)
		at org.apache.catalina.util.LifecycleBase.init(LifecycleBase.java:122)
		at org.apache.catalina.core.StandardService.initInternal(StandardService.java:522)
		at org.apache.catalina.util.LifecycleBase.init(LifecycleBase.java:122)
		at org.apache.catalina.core.StandardServer.initInternal(StandardServer.java:957)
		at org.apache.catalina.util.LifecycleBase.init(LifecycleBase.java:122)
		at org.apache.catalina.startup.Catalina.load(Catalina.java:712)
		at org.apache.catalina.startup.Catalina.load(Catalina.java:735)
		at java.base/jdk.internal.reflect.NativeMethodAccessorImpl.invoke0(Native Method)
		at java.base/jdk.internal.reflect.NativeMethodAccessorImpl.invoke(NativeMethodAccessorImpl.java:77)
		at java.base/jdk.internal.reflect.DelegatingMethodAccessorImpl.invoke(DelegatingMethodAccessorImpl.java:43)
		at java.base/java.lang.reflect.Method.invoke(Method.java:569)
		at org.apache.catalina.startup.Bootstrap.load(Bootstrap.java:302)
		at org.apache.catalina.startup.Bootstrap.main(Bootstrap.java:475)
	Caused by: java.net.BindException: Address already in use: bind
		at java.base/sun.nio.ch.Net.bind0(Native Method)
		at java.base/sun.nio.ch.Net.bind(Net.java:555)
		at java.base/sun.nio.ch.ServerSocketChannelImpl.netBind(ServerSocketChannelImpl.java:337)
		at java.base/sun.nio.ch.ServerSocketChannelImpl.bind(ServerSocketChannelImpl.java:294)
		at org.apache.tomcat.util.net.NioEndpoint.initServerSocket(NioEndpoint.java:240)
		at org.apache.tomcat.util.net.NioEndpoint.bind(NioEndpoint.java:195)
		at org.apache.tomcat.util.net.AbstractEndpoint.bindWithCleanup(AbstractEndpoint.java:1304)
		at org.apache.tomcat.util.net.AbstractEndpoint.init(AbstractEndpoint.java:1317)
		at org.apache.coyote.AbstractProtocol.init(AbstractProtocol.java:633)
		at org.apache.coyote.http11.AbstractHttp11Protocol.init(AbstractHttp11Protocol.java:82)
		at org.apache.catalina.connector.Connector.initInternal(Connector.java:1049)
		... 13 more
10-May-2025 11:35:26.296 INFO [main] org.apache.catalina.startup.Catalina.load Server initialization in [261] milliseconds
10-May-2025 11:35:26.324 INFO [main] org.apache.catalina.core.StandardService.startInternal Starting service [Catalina]
10-May-2025 11:35:26.324 INFO [main] org.apache.catalina.core.StandardEngine.startInternal Starting Servlet engine: [Apache Tomcat/10.1.40]
10-May-2025 11:35:26.330 INFO [main] org.apache.catalina.startup.HostConfig.deployDirectory Deploying web application directory [C:\Users\kmwei\Desktop\OnlineTestingPortalPackage\OnlineTestingPortal\apache-tomcat\webapps\OnlineTestingPortal]
10-May-2025 11:35:26.847 INFO [main] org.apache.jasper.servlet.TldScanner.scanJars At least one JAR was scanned for TLDs yet contained no TLDs. Enable debug logging for this logger for a complete list of JARs that were scanned but no TLDs were found in them. Skipping unneeded JARs during scanning can improve startup time and JSP compilation time.
10-May-2025 11:35:26.901 INFO [main] org.apache.catalina.startup.HostConfig.deployDirectory Deployment of web application directory [C:\Users\kmwei\Desktop\OnlineTestingPortalPackage\OnlineTestingPortal\apache-tomcat\webapps\OnlineTestingPortal] has finished in [570] ms
10-May-2025 11:35:26.901 INFO [main] org.apache.catalina.startup.HostConfig.deployDirectory Deploying web application directory [C:\Users\kmwei\Desktop\OnlineTestingPortalPackage\OnlineTestingPortal\apache-tomcat\webapps\ROOT]
10-May-2025 11:35:27.056 INFO [main] org.apache.jasper.servlet.TldScanner.scanJars At least one JAR was scanned for TLDs yet contained no TLDs. Enable debug logging for this logger for a complete list of JARs that were scanned but no TLDs were found in them. Skipping unneeded JARs during scanning can improve startup time and JSP compilation time.
10-May-2025 11:35:27.058 INFO [main] org.apache.catalina.startup.HostConfig.deployDirectory Deployment of web application directory [C:\Users\kmwei\Desktop\OnlineTestingPortalPackage\OnlineTestingPortal\apache-tomcat\webapps\ROOT] has finished in [157] ms
10-May-2025 11:35:27.061 INFO [main] org.apache.catalina.startup.Catalina.start Server startup in [764] milliseconds
10-May-2025 11:35:27.065 SEVERE [main] org.apache.catalina.core.StandardServer.await Failed to create server shutdown socket on address [localhost] and port [8005] (base port [8005] and offset [0])
	java.net.BindException: Address already in use: bind
		at java.base/sun.nio.ch.Net.bind0(Native Method)
		at java.base/sun.nio.ch.Net.bind(Net.java:555)
		at java.base/sun.nio.ch.Net.bind(Net.java:544)
		at java.base/sun.nio.ch.NioSocketImpl.bind(NioSocketImpl.java:648)
		at java.base/java.net.ServerSocket.bind(ServerSocket.java:388)
		at java.base/java.net.ServerSocket.<init>(ServerSocket.java:274)
		at org.apache.catalina.core.StandardServer.await(StandardServer.java:533)
		at org.apache.catalina.startup.Catalina.await(Catalina.java:851)
		at org.apache.catalina.startup.Catalina.start(Catalina.java:799)
		at java.base/jdk.internal.reflect.NativeMethodAccessorImpl.invoke0(Native Method)
		at java.base/jdk.internal.reflect.NativeMethodAccessorImpl.invoke(NativeMethodAccessorImpl.java:77)
		at java.base/jdk.internal.reflect.DelegatingMethodAccessorImpl.invoke(DelegatingMethodAccessorImpl.java:43)
		at java.base/java.lang.reflect.Method.invoke(Method.java:569)
		at org.apache.catalina.startup.Bootstrap.start(Bootstrap.java:345)
		at org.apache.catalina.startup.Bootstrap.main(Bootstrap.java:476)
10-May-2025 11:35:27.065 INFO [main] org.apache.coyote.AbstractProtocol.pause Pausing ProtocolHandler ["http-nio-8080"]
10-May-2025 11:35:27.065 INFO [main] org.apache.catalina.core.StandardService.stopInternal Stopping service [Catalina]
10-May-2025 11:35:27.072 WARNING [main] org.apache.catalina.loader.WebappClassLoaderBase.clearReferencesJdbc The web application [OnlineTestingPortal] registered the JDBC driver [com.mysql.cj.jdbc.Driver] but failed to unregister it when the web application was stopped. To prevent a memory leak, the JDBC Driver has been forcibly unregistered.
10-May-2025 11:35:27.073 WARNING [main] org.apache.catalina.loader.WebappClassLoaderBase.clearReferencesThreads The web application [OnlineTestingPortal] appears to have started a thread named [mysql-cj-abandoned-connection-cleanup] but has failed to stop it. This is very likely to create a memory leak. Stack trace of thread:
 java.base@17.0.15/java.lang.Object.wait(Native Method)
 java.base@17.0.15/java.lang.ref.ReferenceQueue.remove(ReferenceQueue.java:155)
 com.mysql.cj.jdbc.AbandonedConnectionCleanupThread.run(AbandonedConnectionCleanupThread.java:84)
 java.base@17.0.15/java.util.concurrent.ThreadPoolExecutor.runWorker(ThreadPoolExecutor.java:1136)
 java.base@17.0.15/java.util.concurrent.ThreadPoolExecutor$Worker.run(ThreadPoolExecutor.java:635)
 java.base@17.0.15/java.lang.Thread.run(Thread.java:840)
10-May-2025 11:35:27.074 INFO [main] org.apache.coyote.AbstractProtocol.stop Stopping ProtocolHandler ["http-nio-8080"]
10-May-2025 11:35:27.075 INFO [main] org.apache.coyote.AbstractProtocol.destroy Destroying ProtocolHandler ["http-nio-8080"]
10-May-2025 11:46:22.192 INFO [main] org.apache.catalina.startup.VersionLoggerListener.log Server version name:   Apache Tomcat/10.1.40
10-May-2025 11:46:22.196 INFO [main] org.apache.catalina.startup.VersionLoggerListener.log Server built:          Apr 1 2025 17:20:53 UTC
10-May-2025 11:46:22.196 INFO [main] org.apache.catalina.startup.VersionLoggerListener.log Server version number: 10.1.40.0
10-May-2025 11:46:22.197 INFO [main] org.apache.catalina.startup.VersionLoggerListener.log OS Name:               Windows 11
10-May-2025 11:46:22.197 INFO [main] org.apache.catalina.startup.VersionLoggerListener.log OS Version:            10.0
10-May-2025 11:46:22.197 INFO [main] org.apache.catalina.startup.VersionLoggerListener.log Architecture:          amd64
10-May-2025 11:46:22.197 INFO [main] org.apache.catalina.startup.VersionLoggerListener.log Java Home:             C:\Users\kmwei\Desktop\OnlineTestingPortalPackage\OnlineTestingPortal\jdk-17
10-May-2025 11:46:22.197 INFO [main] org.apache.catalina.startup.VersionLoggerListener.log JVM Version:           17.0.15+6
10-May-2025 11:46:22.197 INFO [main] org.apache.catalina.startup.VersionLoggerListener.log JVM Vendor:            Eclipse Adoptium
10-May-2025 11:46:22.198 INFO [main] org.apache.catalina.startup.VersionLoggerListener.log CATALINA_BASE:         C:\Users\kmwei\Desktop\OnlineTestingPortalPackage\OnlineTestingPortal\apache-tomcat
10-May-2025 11:46:22.198 INFO [main] org.apache.catalina.startup.VersionLoggerListener.log CATALINA_HOME:         C:\Users\kmwei\Desktop\OnlineTestingPortalPackage\OnlineTestingPortal\apache-tomcat
10-May-2025 11:46:22.203 INFO [main] org.apache.catalina.startup.VersionLoggerListener.log Command line argument: -Djava.util.logging.config.file=C:\Users\kmwei\Desktop\OnlineTestingPortalPackage\OnlineTestingPortal\apache-tomcat\conf\logging.properties
10-May-2025 11:46:22.203 INFO [main] org.apache.catalina.startup.VersionLoggerListener.log Command line argument: -Djava.util.logging.manager=org.apache.juli.ClassLoaderLogManager
10-May-2025 11:46:22.203 INFO [main] org.apache.catalina.startup.VersionLoggerListener.log Command line argument: -Djdk.tls.ephemeralDHKeySize=2048
10-May-2025 11:46:22.203 INFO [main] org.apache.catalina.startup.VersionLoggerListener.log Command line argument: -Djava.protocol.handler.pkgs=org.apache.catalina.webresources
10-May-2025 11:46:22.203 INFO [main] org.apache.catalina.startup.VersionLoggerListener.log Command line argument: -Dsun.io.useCanonCaches=false
10-May-2025 11:46:22.203 INFO [main] org.apache.catalina.startup.VersionLoggerListener.log Command line argument: --add-opens=java.base/java.lang=ALL-UNNAMED
10-May-2025 11:46:22.204 INFO [main] org.apache.catalina.startup.VersionLoggerListener.log Command line argument: --add-opens=java.base/java.lang.reflect=ALL-UNNAMED
10-May-2025 11:46:22.204 INFO [main] org.apache.catalina.startup.VersionLoggerListener.log Command line argument: --add-opens=java.base/java.io=ALL-UNNAMED
10-May-2025 11:46:22.204 INFO [main] org.apache.catalina.startup.VersionLoggerListener.log Command line argument: --add-opens=java.base/java.util=ALL-UNNAMED
10-May-2025 11:46:22.204 INFO [main] org.apache.catalina.startup.VersionLoggerListener.log Command line argument: --add-opens=java.base/java.util.concurrent=ALL-UNNAMED
10-May-2025 11:46:22.204 INFO [main] org.apache.catalina.startup.VersionLoggerListener.log Command line argument: --add-opens=java.rmi/sun.rmi.transport=ALL-UNNAMED
10-May-2025 11:46:22.205 INFO [main] org.apache.catalina.startup.VersionLoggerListener.log Command line argument: -Dcatalina.base=C:\Users\kmwei\Desktop\OnlineTestingPortalPackage\OnlineTestingPortal\apache-tomcat
10-May-2025 11:46:22.205 INFO [main] org.apache.catalina.startup.VersionLoggerListener.log Command line argument: -Dcatalina.home=C:\Users\kmwei\Desktop\OnlineTestingPortalPackage\OnlineTestingPortal\apache-tomcat
10-May-2025 11:46:22.205 INFO [main] org.apache.catalina.startup.VersionLoggerListener.log Command line argument: -Djava.io.tmpdir=C:\Users\kmwei\Desktop\OnlineTestingPortalPackage\OnlineTestingPortal\apache-tomcat\temp
10-May-2025 11:46:22.207 INFO [main] org.apache.catalina.core.AprLifecycleListener.lifecycleEvent Loaded Apache Tomcat Native library [2.0.8] using APR version [1.7.4].
10-May-2025 11:46:22.210 INFO [main] org.apache.catalina.core.AprLifecycleListener.initializeSSL OpenSSL successfully initialized [OpenSSL 3.0.14 4 Jun 2024]
10-May-2025 11:46:22.324 INFO [main] org.apache.coyote.AbstractProtocol.init Initializing ProtocolHandler ["http-nio-8080"]
10-May-2025 11:46:22.343 INFO [main] org.apache.catalina.startup.Catalina.load Server initialization in [247] milliseconds
10-May-2025 11:46:22.382 INFO [main] org.apache.catalina.core.StandardService.startInternal Starting service [Catalina]
10-May-2025 11:46:22.382 INFO [main] org.apache.catalina.core.StandardEngine.startInternal Starting Servlet engine: [Apache Tomcat/10.1.40]
10-May-2025 11:46:22.392 INFO [main] org.apache.catalina.startup.HostConfig.deployDirectory Deploying web application directory [C:\Users\kmwei\Desktop\OnlineTestingPortalPackage\OnlineTestingPortal\apache-tomcat\webapps\OnlineTestingPortal]
10-May-2025 11:46:22.885 INFO [main] org.apache.jasper.servlet.TldScanner.scanJars At least one JAR was scanned for TLDs yet contained no TLDs. Enable debug logging for this logger for a complete list of JARs that were scanned but no TLDs were found in them. Skipping unneeded JARs during scanning can improve startup time and JSP compilation time.
10-May-2025 11:46:22.940 INFO [main] org.apache.catalina.startup.HostConfig.deployDirectory Deployment of web application directory [C:\Users\kmwei\Desktop\OnlineTestingPortalPackage\OnlineTestingPortal\apache-tomcat\webapps\OnlineTestingPortal] has finished in [548] ms
10-May-2025 11:46:22.941 INFO [main] org.apache.catalina.startup.HostConfig.deployDirectory Deploying web application directory [C:\Users\kmwei\Desktop\OnlineTestingPortalPackage\OnlineTestingPortal\apache-tomcat\webapps\ROOT]
10-May-2025 11:46:23.094 INFO [main] org.apache.jasper.servlet.TldScanner.scanJars At least one JAR was scanned for TLDs yet contained no TLDs. Enable debug logging for this logger for a complete list of JARs that were scanned but no TLDs were found in them. Skipping unneeded JARs during scanning can improve startup time and JSP compilation time.
10-May-2025 11:46:23.097 INFO [main] org.apache.catalina.startup.HostConfig.deployDirectory Deployment of web application directory [C:\Users\kmwei\Desktop\OnlineTestingPortalPackage\OnlineTestingPortal\apache-tomcat\webapps\ROOT] has finished in [156] ms
10-May-2025 11:46:23.099 INFO [main] org.apache.coyote.AbstractProtocol.start Starting ProtocolHandler ["http-nio-8080"]
10-May-2025 11:46:23.124 INFO [main] org.apache.catalina.startup.Catalina.start Server startup in [781] milliseconds
10-May-2025 11:49:02.976 INFO [main] org.apache.catalina.startup.VersionLoggerListener.log Server version name:   Apache Tomcat/10.1.40
10-May-2025 11:49:02.979 INFO [main] org.apache.catalina.startup.VersionLoggerListener.log Server built:          Apr 1 2025 17:20:53 UTC
10-May-2025 11:49:02.979 INFO [main] org.apache.catalina.startup.VersionLoggerListener.log Server version number: 10.1.40.0
10-May-2025 11:49:02.980 INFO [main] org.apache.catalina.startup.VersionLoggerListener.log OS Name:               Windows 11
10-May-2025 11:49:02.980 INFO [main] org.apache.catalina.startup.VersionLoggerListener.log OS Version:            10.0
10-May-2025 11:49:02.980 INFO [main] org.apache.catalina.startup.VersionLoggerListener.log Architecture:          amd64
10-May-2025 11:49:02.980 INFO [main] org.apache.catalina.startup.VersionLoggerListener.log Java Home:             C:\Users\kmwei\Desktop\OnlineTestingPortalPackage\OnlineTestingPortal\jdk-17
10-May-2025 11:49:02.980 INFO [main] org.apache.catalina.startup.VersionLoggerListener.log JVM Version:           17.0.15+6
10-May-2025 11:49:02.980 INFO [main] org.apache.catalina.startup.VersionLoggerListener.log JVM Vendor:            Eclipse Adoptium
10-May-2025 11:49:02.980 INFO [main] org.apache.catalina.startup.VersionLoggerListener.log CATALINA_BASE:         C:\Users\kmwei\Desktop\OnlineTestingPortalPackage\OnlineTestingPortal\apache-tomcat
10-May-2025 11:49:02.980 INFO [main] org.apache.catalina.startup.VersionLoggerListener.log CATALINA_HOME:         C:\Users\kmwei\Desktop\OnlineTestingPortalPackage\OnlineTestingPortal\apache-tomcat
10-May-2025 11:49:02.984 INFO [main] org.apache.catalina.startup.VersionLoggerListener.log Command line argument: -Djava.util.logging.config.file=C:\Users\kmwei\Desktop\OnlineTestingPortalPackage\OnlineTestingPortal\apache-tomcat\conf\logging.properties
10-May-2025 11:49:02.984 INFO [main] org.apache.catalina.startup.VersionLoggerListener.log Command line argument: -Djava.util.logging.manager=org.apache.juli.ClassLoaderLogManager
10-May-2025 11:49:02.985 INFO [main] org.apache.catalina.startup.VersionLoggerListener.log Command line argument: -Djdk.tls.ephemeralDHKeySize=2048
10-May-2025 11:49:02.985 INFO [main] org.apache.catalina.startup.VersionLoggerListener.log Command line argument: -Djava.protocol.handler.pkgs=org.apache.catalina.webresources
10-May-2025 11:49:02.985 INFO [main] org.apache.catalina.startup.VersionLoggerListener.log Command line argument: -Dsun.io.useCanonCaches=false
10-May-2025 11:49:02.985 INFO [main] org.apache.catalina.startup.VersionLoggerListener.log Command line argument: --add-opens=java.base/java.lang=ALL-UNNAMED
10-May-2025 11:49:02.985 INFO [main] org.apache.catalina.startup.VersionLoggerListener.log Command line argument: --add-opens=java.base/java.lang.reflect=ALL-UNNAMED
10-May-2025 11:49:02.985 INFO [main] org.apache.catalina.startup.VersionLoggerListener.log Command line argument: --add-opens=java.base/java.io=ALL-UNNAMED
10-May-2025 11:49:02.985 INFO [main] org.apache.catalina.startup.VersionLoggerListener.log Command line argument: --add-opens=java.base/java.util=ALL-UNNAMED
10-May-2025 11:49:02.985 INFO [main] org.apache.catalina.startup.VersionLoggerListener.log Command line argument: --add-opens=java.base/java.util.concurrent=ALL-UNNAMED
10-May-2025 11:49:02.986 INFO [main] org.apache.catalina.startup.VersionLoggerListener.log Command line argument: --add-opens=java.rmi/sun.rmi.transport=ALL-UNNAMED
10-May-2025 11:49:02.986 INFO [main] org.apache.catalina.startup.VersionLoggerListener.log Command line argument: -Dcatalina.base=C:\Users\kmwei\Desktop\OnlineTestingPortalPackage\OnlineTestingPortal\apache-tomcat
10-May-2025 11:49:02.986 INFO [main] org.apache.catalina.startup.VersionLoggerListener.log Command line argument: -Dcatalina.home=C:\Users\kmwei\Desktop\OnlineTestingPortalPackage\OnlineTestingPortal\apache-tomcat
10-May-2025 11:49:02.986 INFO [main] org.apache.catalina.startup.VersionLoggerListener.log Command line argument: -Djava.io.tmpdir=C:\Users\kmwei\Desktop\OnlineTestingPortalPackage\OnlineTestingPortal\apache-tomcat\temp
10-May-2025 11:49:02.987 INFO [main] org.apache.catalina.core.AprLifecycleListener.lifecycleEvent Loaded Apache Tomcat Native library [2.0.8] using APR version [1.7.4].
10-May-2025 11:49:02.990 INFO [main] org.apache.catalina.core.AprLifecycleListener.initializeSSL OpenSSL successfully initialized [OpenSSL 3.0.14 4 Jun 2024]
10-May-2025 11:49:03.117 INFO [main] org.apache.coyote.AbstractProtocol.init Initializing ProtocolHandler ["http-nio-8080"]
10-May-2025 11:49:03.133 INFO [main] org.apache.catalina.startup.Catalina.load Server initialization in [247] milliseconds
10-May-2025 11:49:03.157 INFO [main] org.apache.catalina.core.StandardService.startInternal Starting service [Catalina]
10-May-2025 11:49:03.157 INFO [main] org.apache.catalina.core.StandardEngine.startInternal Starting Servlet engine: [Apache Tomcat/10.1.40]
10-May-2025 11:49:03.163 INFO [main] org.apache.catalina.startup.HostConfig.deployDirectory Deploying web application directory [C:\Users\kmwei\Desktop\OnlineTestingPortalPackage\OnlineTestingPortal\apache-tomcat\webapps\OnlineTestingPortal]
10-May-2025 11:49:03.663 INFO [main] org.apache.jasper.servlet.TldScanner.scanJars At least one JAR was scanned for TLDs yet contained no TLDs. Enable debug logging for this logger for a complete list of JARs that were scanned but no TLDs were found in them. Skipping unneeded JARs during scanning can improve startup time and JSP compilation time.
10-May-2025 11:49:03.719 INFO [main] org.apache.catalina.startup.HostConfig.deployDirectory Deployment of web application directory [C:\Users\kmwei\Desktop\OnlineTestingPortalPackage\OnlineTestingPortal\apache-tomcat\webapps\OnlineTestingPortal] has finished in [557] ms
10-May-2025 11:49:03.720 INFO [main] org.apache.catalina.startup.HostConfig.deployDirectory Deploying web application directory [C:\Users\kmwei\Desktop\OnlineTestingPortalPackage\OnlineTestingPortal\apache-tomcat\webapps\ROOT]
10-May-2025 11:49:03.873 INFO [main] org.apache.jasper.servlet.TldScanner.scanJars At least one JAR was scanned for TLDs yet contained no TLDs. Enable debug logging for this logger for a complete list of JARs that were scanned but no TLDs were found in them. Skipping unneeded JARs during scanning can improve startup time and JSP compilation time.
10-May-2025 11:49:03.875 INFO [main] org.apache.catalina.startup.HostConfig.deployDirectory Deployment of web application directory [C:\Users\kmwei\Desktop\OnlineTestingPortalPackage\OnlineTestingPortal\apache-tomcat\webapps\ROOT] has finished in [155] ms
10-May-2025 11:49:03.878 INFO [main] org.apache.coyote.AbstractProtocol.start Starting ProtocolHandler ["http-nio-8080"]
10-May-2025 11:49:03.903 INFO [main] org.apache.catalina.startup.Catalina.start Server startup in [769] milliseconds
10-May-2025 12:22:23.563 INFO [main] org.apache.catalina.startup.VersionLoggerListener.log Server version name:   Apache Tomcat/10.1.40
10-May-2025 12:22:23.566 INFO [main] org.apache.catalina.startup.VersionLoggerListener.log Server built:          Apr 1 2025 17:20:53 UTC
10-May-2025 12:22:23.566 INFO [main] org.apache.catalina.startup.VersionLoggerListener.log Server version number: 10.1.40.0
10-May-2025 12:22:23.566 INFO [main] org.apache.catalina.startup.VersionLoggerListener.log OS Name:               Windows 11
10-May-2025 12:22:23.566 INFO [main] org.apache.catalina.startup.VersionLoggerListener.log OS Version:            10.0
10-May-2025 12:22:23.566 INFO [main] org.apache.catalina.startup.VersionLoggerListener.log Architecture:          amd64
10-May-2025 12:22:23.567 INFO [main] org.apache.catalina.startup.VersionLoggerListener.log Java Home:             C:\Users\kmwei\Desktop\OnlineTestingPortalPackage\OnlineTestingPortal\jdk-17
10-May-2025 12:22:23.567 INFO [main] org.apache.catalina.startup.VersionLoggerListener.log JVM Version:           17.0.15+6
10-May-2025 12:22:23.567 INFO [main] org.apache.catalina.startup.VersionLoggerListener.log JVM Vendor:            Eclipse Adoptium
10-May-2025 12:22:23.567 INFO [main] org.apache.catalina.startup.VersionLoggerListener.log CATALINA_BASE:         C:\Users\kmwei\Desktop\OnlineTestingPortalPackage\OnlineTestingPortal\apache-tomcat
10-May-2025 12:22:23.567 INFO [main] org.apache.catalina.startup.VersionLoggerListener.log CATALINA_HOME:         C:\Users\kmwei\Desktop\OnlineTestingPortalPackage\OnlineTestingPortal\apache-tomcat
10-May-2025 12:22:23.572 INFO [main] org.apache.catalina.startup.VersionLoggerListener.log Command line argument: -Djava.util.logging.config.file=C:\Users\kmwei\Desktop\OnlineTestingPortalPackage\OnlineTestingPortal\apache-tomcat\conf\logging.properties
10-May-2025 12:22:23.572 INFO [main] org.apache.catalina.startup.VersionLoggerListener.log Command line argument: -Djava.util.logging.manager=org.apache.juli.ClassLoaderLogManager
10-May-2025 12:22:23.572 INFO [main] org.apache.catalina.startup.VersionLoggerListener.log Command line argument: -Djdk.tls.ephemeralDHKeySize=2048
10-May-2025 12:22:23.572 INFO [main] org.apache.catalina.startup.VersionLoggerListener.log Command line argument: -Djava.protocol.handler.pkgs=org.apache.catalina.webresources
10-May-2025 12:22:23.572 INFO [main] org.apache.catalina.startup.VersionLoggerListener.log Command line argument: -Dsun.io.useCanonCaches=false
10-May-2025 12:22:23.572 INFO [main] org.apache.catalina.startup.VersionLoggerListener.log Command line argument: --add-opens=java.base/java.lang=ALL-UNNAMED
10-May-2025 12:22:23.573 INFO [main] org.apache.catalina.startup.VersionLoggerListener.log Command line argument: --add-opens=java.base/java.lang.reflect=ALL-UNNAMED
10-May-2025 12:22:23.573 INFO [main] org.apache.catalina.startup.VersionLoggerListener.log Command line argument: --add-opens=java.base/java.io=ALL-UNNAMED
10-May-2025 12:22:23.573 INFO [main] org.apache.catalina.startup.VersionLoggerListener.log Command line argument: --add-opens=java.base/java.util=ALL-UNNAMED
10-May-2025 12:22:23.573 INFO [main] org.apache.catalina.startup.VersionLoggerListener.log Command line argument: --add-opens=java.base/java.util.concurrent=ALL-UNNAMED
10-May-2025 12:22:23.573 INFO [main] org.apache.catalina.startup.VersionLoggerListener.log Command line argument: --add-opens=java.rmi/sun.rmi.transport=ALL-UNNAMED
10-May-2025 12:22:23.573 INFO [main] org.apache.catalina.startup.VersionLoggerListener.log Command line argument: -Dcatalina.base=C:\Users\kmwei\Desktop\OnlineTestingPortalPackage\OnlineTestingPortal\apache-tomcat
10-May-2025 12:22:23.573 INFO [main] org.apache.catalina.startup.VersionLoggerListener.log Command line argument: -Dcatalina.home=C:\Users\kmwei\Desktop\OnlineTestingPortalPackage\OnlineTestingPortal\apache-tomcat
10-May-2025 12:22:23.573 INFO [main] org.apache.catalina.startup.VersionLoggerListener.log Command line argument: -Djava.io.tmpdir=C:\Users\kmwei\Desktop\OnlineTestingPortalPackage\OnlineTestingPortal\apache-tomcat\temp
10-May-2025 12:22:23.575 INFO [main] org.apache.catalina.core.AprLifecycleListener.lifecycleEvent Loaded Apache Tomcat Native library [2.0.8] using APR version [1.7.4].
10-May-2025 12:22:23.578 INFO [main] org.apache.catalina.core.AprLifecycleListener.initializeSSL OpenSSL successfully initialized [OpenSSL 3.0.14 4 Jun 2024]
10-May-2025 12:22:23.706 INFO [main] org.apache.coyote.AbstractProtocol.init Initializing ProtocolHandler ["http-nio-8080"]
10-May-2025 12:22:23.724 INFO [main] org.apache.catalina.startup.Catalina.load Server initialization in [262] milliseconds
10-May-2025 12:22:23.752 INFO [main] org.apache.catalina.core.StandardService.startInternal Starting service [Catalina]
10-May-2025 12:22:23.752 INFO [main] org.apache.catalina.core.StandardEngine.startInternal Starting Servlet engine: [Apache Tomcat/10.1.40]
10-May-2025 12:22:23.760 INFO [main] org.apache.catalina.startup.HostConfig.deployDirectory Deploying web application directory [C:\Users\kmwei\Desktop\OnlineTestingPortalPackage\OnlineTestingPortal\apache-tomcat\webapps\OnlineTestingPortal]
10-May-2025 12:22:24.257 INFO [main] org.apache.jasper.servlet.TldScanner.scanJars At least one JAR was scanned for TLDs yet contained no TLDs. Enable debug logging for this logger for a complete list of JARs that were scanned but no TLDs were found in them. Skipping unneeded JARs during scanning can improve startup time and JSP compilation time.
10-May-2025 12:22:24.313 INFO [main] org.apache.catalina.startup.HostConfig.deployDirectory Deployment of web application directory [C:\Users\kmwei\Desktop\OnlineTestingPortalPackage\OnlineTestingPortal\apache-tomcat\webapps\OnlineTestingPortal] has finished in [552] ms
10-May-2025 12:22:24.313 INFO [main] org.apache.catalina.startup.HostConfig.deployDirectory Deploying web application directory [C:\Users\kmwei\Desktop\OnlineTestingPortalPackage\OnlineTestingPortal\apache-tomcat\webapps\ROOT]
10-May-2025 12:22:24.464 INFO [main] org.apache.jasper.servlet.TldScanner.scanJars At least one JAR was scanned for TLDs yet contained no TLDs. Enable debug logging for this logger for a complete list of JARs that were scanned but no TLDs were found in them. Skipping unneeded JARs during scanning can improve startup time and JSP compilation time.
10-May-2025 12:22:24.466 INFO [main] org.apache.catalina.startup.HostConfig.deployDirectory Deployment of web application directory [C:\Users\kmwei\Desktop\OnlineTestingPortalPackage\OnlineTestingPortal\apache-tomcat\webapps\ROOT] has finished in [153] ms
10-May-2025 12:22:24.468 INFO [main] org.apache.coyote.AbstractProtocol.start Starting ProtocolHandler ["http-nio-8080"]
10-May-2025 12:22:24.493 INFO [main] org.apache.catalina.startup.Catalina.start Server startup in [768] milliseconds
10-May-2025 12:30:08.421 INFO [main] org.apache.catalina.startup.VersionLoggerListener.log Server version name:   Apache Tomcat/10.1.40
10-May-2025 12:30:08.425 INFO [main] org.apache.catalina.startup.VersionLoggerListener.log Server built:          Apr 1 2025 17:20:53 UTC
10-May-2025 12:30:08.426 INFO [main] org.apache.catalina.startup.VersionLoggerListener.log Server version number: 10.1.40.0
10-May-2025 12:30:08.426 INFO [main] org.apache.catalina.startup.VersionLoggerListener.log OS Name:               Windows 11
10-May-2025 12:30:08.426 INFO [main] org.apache.catalina.startup.VersionLoggerListener.log OS Version:            10.0
10-May-2025 12:30:08.427 INFO [main] org.apache.catalina.startup.VersionLoggerListener.log Architecture:          amd64
10-May-2025 12:30:08.427 INFO [main] org.apache.catalina.startup.VersionLoggerListener.log Java Home:             C:\Users\kmwei\Desktop\OnlineTestingPortalPackage\OnlineTestingPortal\jdk-17
10-May-2025 12:30:08.427 INFO [main] org.apache.catalina.startup.VersionLoggerListener.log JVM Version:           17.0.15+6
10-May-2025 12:30:08.427 INFO [main] org.apache.catalina.startup.VersionLoggerListener.log JVM Vendor:            Eclipse Adoptium
10-May-2025 12:30:08.427 INFO [main] org.apache.catalina.startup.VersionLoggerListener.log CATALINA_BASE:         C:\Users\kmwei\Desktop\OnlineTestingPortalPackage\OnlineTestingPortal\apache-tomcat
10-May-2025 12:30:08.427 INFO [main] org.apache.catalina.startup.VersionLoggerListener.log CATALINA_HOME:         C:\Users\kmwei\Desktop\OnlineTestingPortalPackage\OnlineTestingPortal\apache-tomcat
10-May-2025 12:30:08.433 INFO [main] org.apache.catalina.startup.VersionLoggerListener.log Command line argument: -Djava.util.logging.config.file=C:\Users\kmwei\Desktop\OnlineTestingPortalPackage\OnlineTestingPortal\apache-tomcat\conf\logging.properties
10-May-2025 12:30:08.433 INFO [main] org.apache.catalina.startup.VersionLoggerListener.log Command line argument: -Djava.util.logging.manager=org.apache.juli.ClassLoaderLogManager
10-May-2025 12:30:08.433 INFO [main] org.apache.catalina.startup.VersionLoggerListener.log Command line argument: -Djdk.tls.ephemeralDHKeySize=2048
10-May-2025 12:30:08.433 INFO [main] org.apache.catalina.startup.VersionLoggerListener.log Command line argument: -Djava.protocol.handler.pkgs=org.apache.catalina.webresources
10-May-2025 12:30:08.433 INFO [main] org.apache.catalina.startup.VersionLoggerListener.log Command line argument: -Dsun.io.useCanonCaches=false
10-May-2025 12:30:08.433 INFO [main] org.apache.catalina.startup.VersionLoggerListener.log Command line argument: --add-opens=java.base/java.lang=ALL-UNNAMED
10-May-2025 12:30:08.433 INFO [main] org.apache.catalina.startup.VersionLoggerListener.log Command line argument: --add-opens=java.base/java.lang.reflect=ALL-UNNAMED
10-May-2025 12:30:08.434 INFO [main] org.apache.catalina.startup.VersionLoggerListener.log Command line argument: --add-opens=java.base/java.io=ALL-UNNAMED
10-May-2025 12:30:08.434 INFO [main] org.apache.catalina.startup.VersionLoggerListener.log Command line argument: --add-opens=java.base/java.util=ALL-UNNAMED
10-May-2025 12:30:08.434 INFO [main] org.apache.catalina.startup.VersionLoggerListener.log Command line argument: --add-opens=java.base/java.util.concurrent=ALL-UNNAMED
10-May-2025 12:30:08.434 INFO [main] org.apache.catalina.startup.VersionLoggerListener.log Command line argument: --add-opens=java.rmi/sun.rmi.transport=ALL-UNNAMED
10-May-2025 12:30:08.434 INFO [main] org.apache.catalina.startup.VersionLoggerListener.log Command line argument: -Dcatalina.base=C:\Users\kmwei\Desktop\OnlineTestingPortalPackage\OnlineTestingPortal\apache-tomcat
10-May-2025 12:30:08.434 INFO [main] org.apache.catalina.startup.VersionLoggerListener.log Command line argument: -Dcatalina.home=C:\Users\kmwei\Desktop\OnlineTestingPortalPackage\OnlineTestingPortal\apache-tomcat
10-May-2025 12:30:08.434 INFO [main] org.apache.catalina.startup.VersionLoggerListener.log Command line argument: -Djava.io.tmpdir=C:\Users\kmwei\Desktop\OnlineTestingPortalPackage\OnlineTestingPortal\apache-tomcat\temp
10-May-2025 12:30:08.436 INFO [main] org.apache.catalina.core.AprLifecycleListener.lifecycleEvent Loaded Apache Tomcat Native library [2.0.8] using APR version [1.7.4].
10-May-2025 12:30:08.439 INFO [main] org.apache.catalina.core.AprLifecycleListener.initializeSSL OpenSSL successfully initialized [OpenSSL 3.0.14 4 Jun 2024]
10-May-2025 12:30:08.559 INFO [main] org.apache.coyote.AbstractProtocol.init Initializing ProtocolHandler ["http-nio-8080"]
10-May-2025 12:30:08.571 SEVERE [main] org.apache.catalina.util.LifecycleBase.handleSubClassException Failed to initialize component [Connector["http-nio-8080"]]
	org.apache.catalina.LifecycleException: Protocol handler initialization failed
		at org.apache.catalina.connector.Connector.initInternal(Connector.java:1051)
		at org.apache.catalina.util.LifecycleBase.init(LifecycleBase.java:122)
		at org.apache.catalina.core.StandardService.initInternal(StandardService.java:522)
		at org.apache.catalina.util.LifecycleBase.init(LifecycleBase.java:122)
		at org.apache.catalina.core.StandardServer.initInternal(StandardServer.java:957)
		at org.apache.catalina.util.LifecycleBase.init(LifecycleBase.java:122)
		at org.apache.catalina.startup.Catalina.load(Catalina.java:712)
		at org.apache.catalina.startup.Catalina.load(Catalina.java:735)
		at java.base/jdk.internal.reflect.NativeMethodAccessorImpl.invoke0(Native Method)
		at java.base/jdk.internal.reflect.NativeMethodAccessorImpl.invoke(NativeMethodAccessorImpl.java:77)
		at java.base/jdk.internal.reflect.DelegatingMethodAccessorImpl.invoke(DelegatingMethodAccessorImpl.java:43)
		at java.base/java.lang.reflect.Method.invoke(Method.java:569)
		at org.apache.catalina.startup.Bootstrap.load(Bootstrap.java:302)
		at org.apache.catalina.startup.Bootstrap.main(Bootstrap.java:475)
	Caused by: java.net.BindException: Address already in use: bind
		at java.base/sun.nio.ch.Net.bind0(Native Method)
		at java.base/sun.nio.ch.Net.bind(Net.java:555)
		at java.base/sun.nio.ch.ServerSocketChannelImpl.netBind(ServerSocketChannelImpl.java:337)
		at java.base/sun.nio.ch.ServerSocketChannelImpl.bind(ServerSocketChannelImpl.java:294)
		at org.apache.tomcat.util.net.NioEndpoint.initServerSocket(NioEndpoint.java:240)
		at org.apache.tomcat.util.net.NioEndpoint.bind(NioEndpoint.java:195)
		at org.apache.tomcat.util.net.AbstractEndpoint.bindWithCleanup(AbstractEndpoint.java:1304)
		at org.apache.tomcat.util.net.AbstractEndpoint.init(AbstractEndpoint.java:1317)
		at org.apache.coyote.AbstractProtocol.init(AbstractProtocol.java:633)
		at org.apache.coyote.http11.AbstractHttp11Protocol.init(AbstractHttp11Protocol.java:82)
		at org.apache.catalina.connector.Connector.initInternal(Connector.java:1049)
		... 13 more
10-May-2025 12:30:08.572 INFO [main] org.apache.catalina.startup.Catalina.load Server initialization in [247] milliseconds
10-May-2025 12:30:08.598 INFO [main] org.apache.catalina.core.StandardService.startInternal Starting service [Catalina]
10-May-2025 12:30:08.598 INFO [main] org.apache.catalina.core.StandardEngine.startInternal Starting Servlet engine: [Apache Tomcat/10.1.40]
10-May-2025 12:30:08.605 INFO [main] org.apache.catalina.startup.HostConfig.deployDirectory Deploying web application directory [C:\Users\kmwei\Desktop\OnlineTestingPortalPackage\OnlineTestingPortal\apache-tomcat\webapps\OnlineTestingPortal]
10-May-2025 12:30:09.098 INFO [main] org.apache.jasper.servlet.TldScanner.scanJars At least one JAR was scanned for TLDs yet contained no TLDs. Enable debug logging for this logger for a complete list of JARs that were scanned but no TLDs were found in them. Skipping unneeded JARs during scanning can improve startup time and JSP compilation time.
10-May-2025 12:30:09.153 INFO [main] org.apache.catalina.startup.HostConfig.deployDirectory Deployment of web application directory [C:\Users\kmwei\Desktop\OnlineTestingPortalPackage\OnlineTestingPortal\apache-tomcat\webapps\OnlineTestingPortal] has finished in [548] ms
10-May-2025 12:30:09.154 INFO [main] org.apache.catalina.startup.HostConfig.deployDirectory Deploying web application directory [C:\Users\kmwei\Desktop\OnlineTestingPortalPackage\OnlineTestingPortal\apache-tomcat\webapps\ROOT]
10-May-2025 12:30:09.305 INFO [main] org.apache.jasper.servlet.TldScanner.scanJars At least one JAR was scanned for TLDs yet contained no TLDs. Enable debug logging for this logger for a complete list of JARs that were scanned but no TLDs were found in them. Skipping unneeded JARs during scanning can improve startup time and JSP compilation time.
10-May-2025 12:30:09.307 INFO [main] org.apache.catalina.startup.HostConfig.deployDirectory Deployment of web application directory [C:\Users\kmwei\Desktop\OnlineTestingPortalPackage\OnlineTestingPortal\apache-tomcat\webapps\ROOT] has finished in [153] ms
10-May-2025 12:30:09.310 INFO [main] org.apache.catalina.startup.Catalina.start Server startup in [737] milliseconds
10-May-2025 12:30:09.313 SEVERE [main] org.apache.catalina.core.StandardServer.await Failed to create server shutdown socket on address [localhost] and port [8005] (base port [8005] and offset [0])
	java.net.BindException: Address already in use: bind
		at java.base/sun.nio.ch.Net.bind0(Native Method)
		at java.base/sun.nio.ch.Net.bind(Net.java:555)
		at java.base/sun.nio.ch.Net.bind(Net.java:544)
		at java.base/sun.nio.ch.NioSocketImpl.bind(NioSocketImpl.java:648)
		at java.base/java.net.ServerSocket.bind(ServerSocket.java:388)
		at java.base/java.net.ServerSocket.<init>(ServerSocket.java:274)
		at org.apache.catalina.core.StandardServer.await(StandardServer.java:533)
		at org.apache.catalina.startup.Catalina.await(Catalina.java:851)
		at org.apache.catalina.startup.Catalina.start(Catalina.java:799)
		at java.base/jdk.internal.reflect.NativeMethodAccessorImpl.invoke0(Native Method)
		at java.base/jdk.internal.reflect.NativeMethodAccessorImpl.invoke(NativeMethodAccessorImpl.java:77)
		at java.base/jdk.internal.reflect.DelegatingMethodAccessorImpl.invoke(DelegatingMethodAccessorImpl.java:43)
		at java.base/java.lang.reflect.Method.invoke(Method.java:569)
		at org.apache.catalina.startup.Bootstrap.start(Bootstrap.java:345)
		at org.apache.catalina.startup.Bootstrap.main(Bootstrap.java:476)
10-May-2025 12:30:09.313 INFO [main] org.apache.coyote.AbstractProtocol.pause Pausing ProtocolHandler ["http-nio-8080"]
10-May-2025 12:30:09.313 INFO [main] org.apache.catalina.core.StandardService.stopInternal Stopping service [Catalina]
10-May-2025 12:30:09.320 WARNING [main] org.apache.catalina.loader.WebappClassLoaderBase.clearReferencesJdbc The web application [OnlineTestingPortal] registered the JDBC driver [com.mysql.cj.jdbc.Driver] but failed to unregister it when the web application was stopped. To prevent a memory leak, the JDBC Driver has been forcibly unregistered.
10-May-2025 12:30:09.320 WARNING [main] org.apache.catalina.loader.WebappClassLoaderBase.clearReferencesThreads The web application [OnlineTestingPortal] appears to have started a thread named [mysql-cj-abandoned-connection-cleanup] but has failed to stop it. This is very likely to create a memory leak. Stack trace of thread:
 java.base@17.0.15/java.lang.Object.wait(Native Method)
 java.base@17.0.15/java.lang.ref.ReferenceQueue.remove(ReferenceQueue.java:155)
 com.mysql.cj.jdbc.AbandonedConnectionCleanupThread.run(AbandonedConnectionCleanupThread.java:84)
 java.base@17.0.15/java.util.concurrent.ThreadPoolExecutor.runWorker(ThreadPoolExecutor.java:1136)
 java.base@17.0.15/java.util.concurrent.ThreadPoolExecutor$Worker.run(ThreadPoolExecutor.java:635)
 java.base@17.0.15/java.lang.Thread.run(Thread.java:840)
10-May-2025 12:30:09.321 INFO [main] org.apache.coyote.AbstractProtocol.stop Stopping ProtocolHandler ["http-nio-8080"]
10-May-2025 12:30:09.322 INFO [main] org.apache.coyote.AbstractProtocol.destroy Destroying ProtocolHandler ["http-nio-8080"]
10-May-2025 12:35:39.040 INFO [main] org.apache.catalina.startup.VersionLoggerListener.log Server version name:   Apache Tomcat/10.1.40
10-May-2025 12:35:39.046 INFO [main] org.apache.catalina.startup.VersionLoggerListener.log Server built:          Apr 1 2025 17:20:53 UTC
10-May-2025 12:35:39.046 INFO [main] org.apache.catalina.startup.VersionLoggerListener.log Server version number: 10.1.40.0
10-May-2025 12:35:39.046 INFO [main] org.apache.catalina.startup.VersionLoggerListener.log OS Name:               Windows 11
10-May-2025 12:35:39.046 INFO [main] org.apache.catalina.startup.VersionLoggerListener.log OS Version:            10.0
10-May-2025 12:35:39.046 INFO [main] org.apache.catalina.startup.VersionLoggerListener.log Architecture:          amd64
10-May-2025 12:35:39.046 INFO [main] org.apache.catalina.startup.VersionLoggerListener.log Java Home:             C:\Users\kmwei\Desktop\OnlineTestingPortalPackage\OnlineTestingPortal\jdk-17
10-May-2025 12:35:39.046 INFO [main] org.apache.catalina.startup.VersionLoggerListener.log JVM Version:           17.0.15+6
10-May-2025 12:35:39.046 INFO [main] org.apache.catalina.startup.VersionLoggerListener.log JVM Vendor:            Eclipse Adoptium
10-May-2025 12:35:39.047 INFO [main] org.apache.catalina.startup.VersionLoggerListener.log CATALINA_BASE:         C:\Users\kmwei\Desktop\OnlineTestingPortalPackage\OnlineTestingPortal\apache-tomcat
10-May-2025 12:35:39.047 INFO [main] org.apache.catalina.startup.VersionLoggerListener.log CATALINA_HOME:         C:\Users\kmwei\Desktop\OnlineTestingPortalPackage\OnlineTestingPortal\apache-tomcat
10-May-2025 12:35:39.051 INFO [main] org.apache.catalina.startup.VersionLoggerListener.log Command line argument: -Djava.util.logging.config.file=C:\Users\kmwei\Desktop\OnlineTestingPortalPackage\OnlineTestingPortal\apache-tomcat\conf\logging.properties
10-May-2025 12:35:39.052 INFO [main] org.apache.catalina.startup.VersionLoggerListener.log Command line argument: -Djava.util.logging.manager=org.apache.juli.ClassLoaderLogManager
10-May-2025 12:35:39.052 INFO [main] org.apache.catalina.startup.VersionLoggerListener.log Command line argument: -Djdk.tls.ephemeralDHKeySize=2048
10-May-2025 12:35:39.052 INFO [main] org.apache.catalina.startup.VersionLoggerListener.log Command line argument: -Djava.protocol.handler.pkgs=org.apache.catalina.webresources
10-May-2025 12:35:39.052 INFO [main] org.apache.catalina.startup.VersionLoggerListener.log Command line argument: -Dsun.io.useCanonCaches=false
10-May-2025 12:35:39.052 INFO [main] org.apache.catalina.startup.VersionLoggerListener.log Command line argument: --add-opens=java.base/java.lang=ALL-UNNAMED
10-May-2025 12:35:39.052 INFO [main] org.apache.catalina.startup.VersionLoggerListener.log Command line argument: --add-opens=java.base/java.lang.reflect=ALL-UNNAMED
10-May-2025 12:35:39.052 INFO [main] org.apache.catalina.startup.VersionLoggerListener.log Command line argument: --add-opens=java.base/java.io=ALL-UNNAMED
10-May-2025 12:35:39.053 INFO [main] org.apache.catalina.startup.VersionLoggerListener.log Command line argument: --add-opens=java.base/java.util=ALL-UNNAMED
10-May-2025 12:35:39.053 INFO [main] org.apache.catalina.startup.VersionLoggerListener.log Command line argument: --add-opens=java.base/java.util.concurrent=ALL-UNNAMED
10-May-2025 12:35:39.053 INFO [main] org.apache.catalina.startup.VersionLoggerListener.log Command line argument: --add-opens=java.rmi/sun.rmi.transport=ALL-UNNAMED
10-May-2025 12:35:39.053 INFO [main] org.apache.catalina.startup.VersionLoggerListener.log Command line argument: -Dcatalina.base=C:\Users\kmwei\Desktop\OnlineTestingPortalPackage\OnlineTestingPortal\apache-tomcat
10-May-2025 12:35:39.053 INFO [main] org.apache.catalina.startup.VersionLoggerListener.log Command line argument: -Dcatalina.home=C:\Users\kmwei\Desktop\OnlineTestingPortalPackage\OnlineTestingPortal\apache-tomcat
10-May-2025 12:35:39.053 INFO [main] org.apache.catalina.startup.VersionLoggerListener.log Command line argument: -Djava.io.tmpdir=C:\Users\kmwei\Desktop\OnlineTestingPortalPackage\OnlineTestingPortal\apache-tomcat\temp
10-May-2025 12:35:39.055 INFO [main] org.apache.catalina.core.AprLifecycleListener.lifecycleEvent Loaded Apache Tomcat Native library [2.0.8] using APR version [1.7.4].
10-May-2025 12:35:39.058 INFO [main] org.apache.catalina.core.AprLifecycleListener.initializeSSL OpenSSL successfully initialized [OpenSSL 3.0.14 4 Jun 2024]
10-May-2025 12:35:39.178 INFO [main] org.apache.coyote.AbstractProtocol.init Initializing ProtocolHandler ["http-nio-8080"]
10-May-2025 12:35:39.196 INFO [main] org.apache.catalina.startup.Catalina.load Server initialization in [252] milliseconds
10-May-2025 12:35:39.229 INFO [main] org.apache.catalina.core.StandardService.startInternal Starting service [Catalina]
10-May-2025 12:35:39.230 INFO [main] org.apache.catalina.core.StandardEngine.startInternal Starting Servlet engine: [Apache Tomcat/10.1.40]
10-May-2025 12:35:39.238 INFO [main] org.apache.catalina.startup.HostConfig.deployDirectory Deploying web application directory [C:\Users\kmwei\Desktop\OnlineTestingPortalPackage\OnlineTestingPortal\apache-tomcat\webapps\OnlineTestingPortal]
10-May-2025 12:35:39.742 INFO [main] org.apache.jasper.servlet.TldScanner.scanJars At least one JAR was scanned for TLDs yet contained no TLDs. Enable debug logging for this logger for a complete list of JARs that were scanned but no TLDs were found in them. Skipping unneeded JARs during scanning can improve startup time and JSP compilation time.
10-May-2025 12:35:39.793 INFO [main] org.apache.catalina.startup.HostConfig.deployDirectory Deployment of web application directory [C:\Users\kmwei\Desktop\OnlineTestingPortalPackage\OnlineTestingPortal\apache-tomcat\webapps\OnlineTestingPortal] has finished in [555] ms
10-May-2025 12:35:39.793 INFO [main] org.apache.catalina.startup.HostConfig.deployDirectory Deploying web application directory [C:\Users\kmwei\Desktop\OnlineTestingPortalPackage\OnlineTestingPortal\apache-tomcat\webapps\ROOT]
10-May-2025 12:35:39.939 INFO [main] org.apache.jasper.servlet.TldScanner.scanJars At least one JAR was scanned for TLDs yet contained no TLDs. Enable debug logging for this logger for a complete list of JARs that were scanned but no TLDs were found in them. Skipping unneeded JARs during scanning can improve startup time and JSP compilation time.
10-May-2025 12:35:39.942 INFO [main] org.apache.catalina.startup.HostConfig.deployDirectory Deployment of web application directory [C:\Users\kmwei\Desktop\OnlineTestingPortalPackage\OnlineTestingPortal\apache-tomcat\webapps\ROOT] has finished in [148] ms
10-May-2025 12:35:39.944 INFO [main] org.apache.coyote.AbstractProtocol.start Starting ProtocolHandler ["http-nio-8080"]
10-May-2025 12:35:39.970 INFO [main] org.apache.catalina.startup.Catalina.start Server startup in [774] milliseconds
