06-May-2025 08:35:48.733 INFO [main] org.apache.catalina.core.ApplicationContext.log ContextListener: contextInitialized()
06-May-2025 08:35:48.733 INFO [main] org.apache.catalina.core.ApplicationContext.log SessionListener: contextInitialized()
06-May-2025 08:35:48.735 INFO [main] org.apache.catalina.core.ApplicationContext.log ContextListener: attributeAdded('StockTicker', 'async.Stockticker@6c07add6')
06-May-2025 08:58:35.699 INFO [main] org.apache.catalina.core.ApplicationContext.log ContextListener: contextInitialized()
06-May-2025 08:58:35.699 INFO [main] org.apache.catalina.core.ApplicationContext.log SessionListener: contextInitialized()
06-May-2025 08:58:35.701 INFO [main] org.apache.catalina.core.ApplicationContext.log ContextListener: attributeAdded('StockTicker', 'async.Stockticker@687eb455')
06-May-2025 09:00:00.169 INFO [main] org.apache.catalina.core.ApplicationContext.log ContextListener: contextInitialized()
06-May-2025 09:00:00.169 INFO [main] org.apache.catalina.core.ApplicationContext.log SessionListener: contextInitialized()
06-May-2025 09:00:00.171 INFO [main] org.apache.catalina.core.ApplicationContext.log ContextListener: attributeAdded('StockTicker', 'async.Stockticker@687eb455')
06-May-2025 09:15:37.718 INFO [main] org.apache.catalina.core.ApplicationContext.log ContextListener: contextInitialized()
06-May-2025 09:15:37.718 INFO [main] org.apache.catalina.core.ApplicationContext.log SessionListener: contextInitialized()
06-May-2025 09:15:37.721 INFO [main] org.apache.catalina.core.ApplicationContext.log ContextListener: attributeAdded('StockTicker', 'async.Stockticker@687eb455')
06-May-2025 09:25:49.548 INFO [main] org.apache.catalina.core.ApplicationContext.log ContextListener: contextInitialized()
06-May-2025 09:25:49.548 INFO [main] org.apache.catalina.core.ApplicationContext.log SessionListener: contextInitialized()
06-May-2025 09:25:49.550 INFO [main] org.apache.catalina.core.ApplicationContext.log ContextListener: attributeAdded('StockTicker', 'async.Stockticker@1b17d8ab')
06-May-2025 09:35:11.979 INFO [main] org.apache.catalina.core.ApplicationContext.log ContextListener: contextInitialized()
06-May-2025 09:35:11.980 INFO [main] org.apache.catalina.core.ApplicationContext.log SessionListener: contextInitialized()
06-May-2025 09:35:11.981 INFO [main] org.apache.catalina.core.ApplicationContext.log ContextListener: attributeAdded('StockTicker', 'async.Stockticker@4861cca9')
06-May-2025 09:38:15.331 INFO [main] org.apache.catalina.core.ApplicationContext.log ContextListener: contextInitialized()
06-May-2025 09:38:15.331 INFO [main] org.apache.catalina.core.ApplicationContext.log SessionListener: contextInitialized()
06-May-2025 09:38:15.333 INFO [main] org.apache.catalina.core.ApplicationContext.log ContextListener: attributeAdded('StockTicker', 'async.Stockticker@6d969330')
06-May-2025 09:44:38.654 INFO [main] org.apache.catalina.core.ApplicationContext.log ContextListener: contextInitialized()
06-May-2025 09:44:38.655 INFO [main] org.apache.catalina.core.ApplicationContext.log SessionListener: contextInitialized()
06-May-2025 09:44:38.658 INFO [main] org.apache.catalina.core.ApplicationContext.log ContextListener: attributeAdded('StockTicker', 'async.Stockticker@4861cca9')
06-May-2025 09:47:53.228 INFO [main] org.apache.catalina.core.ApplicationContext.log ContextListener: contextInitialized()
06-May-2025 09:47:53.228 INFO [main] org.apache.catalina.core.ApplicationContext.log SessionListener: contextInitialized()
06-May-2025 09:47:53.231 INFO [main] org.apache.catalina.core.ApplicationContext.log ContextListener: attributeAdded('StockTicker', 'async.Stockticker@424f02b8')
06-May-2025 09:47:53.604 INFO [main] org.apache.catalina.core.ApplicationContext.log SessionListener: contextDestroyed()
06-May-2025 09:47:53.604 INFO [main] org.apache.catalina.core.ApplicationContext.log ContextListener: contextDestroyed()
06-May-2025 09:48:08.751 INFO [main] org.apache.catalina.core.ApplicationContext.log ContextListener: contextInitialized()
06-May-2025 09:48:08.751 INFO [main] org.apache.catalina.core.ApplicationContext.log SessionListener: contextInitialized()
06-May-2025 09:48:08.754 INFO [main] org.apache.catalina.core.ApplicationContext.log ContextListener: attributeAdded('StockTicker', 'async.Stockticker@24a04257')
06-May-2025 09:49:52.736 INFO [main] org.apache.catalina.core.ApplicationContext.log ContextListener: contextInitialized()
06-May-2025 09:49:52.737 INFO [main] org.apache.catalina.core.ApplicationContext.log SessionListener: contextInitialized()
06-May-2025 09:49:52.739 INFO [main] org.apache.catalina.core.ApplicationContext.log ContextListener: attributeAdded('StockTicker', 'async.Stockticker@1b17d8ab')
06-May-2025 09:52:39.002 INFO [main] org.apache.catalina.core.ApplicationContext.log ContextListener: contextInitialized()
06-May-2025 09:52:39.002 INFO [main] org.apache.catalina.core.ApplicationContext.log SessionListener: contextInitialized()
06-May-2025 09:52:39.005 INFO [main] org.apache.catalina.core.ApplicationContext.log ContextListener: attributeAdded('StockTicker', 'async.Stockticker@687eb455')
06-May-2025 09:58:28.953 INFO [main] org.apache.catalina.core.ApplicationContext.log ContextListener: contextInitialized()
06-May-2025 09:58:28.953 INFO [main] org.apache.catalina.core.ApplicationContext.log SessionListener: contextInitialized()
06-May-2025 09:58:28.956 INFO [main] org.apache.catalina.core.ApplicationContext.log ContextListener: attributeAdded('StockTicker', 'async.Stockticker@687eb455')
06-May-2025 10:01:21.812 INFO [main] org.apache.catalina.core.ApplicationContext.log ContextListener: contextInitialized()
06-May-2025 10:01:21.812 INFO [main] org.apache.catalina.core.ApplicationContext.log SessionListener: contextInitialized()
06-May-2025 10:01:21.815 INFO [main] org.apache.catalina.core.ApplicationContext.log ContextListener: attributeAdded('StockTicker', 'async.Stockticker@687eb455')
06-May-2025 10:36:26.778 INFO [main] org.apache.catalina.core.ApplicationContext.log ContextListener: contextInitialized()
06-May-2025 10:36:26.778 INFO [main] org.apache.catalina.core.ApplicationContext.log SessionListener: contextInitialized()
06-May-2025 10:36:26.781 INFO [main] org.apache.catalina.core.ApplicationContext.log ContextListener: attributeAdded('StockTicker', 'async.Stockticker@111a7973')
06-May-2025 10:36:27.159 INFO [main] org.apache.catalina.core.ApplicationContext.log SessionListener: contextDestroyed()
06-May-2025 10:36:27.159 INFO [main] org.apache.catalina.core.ApplicationContext.log ContextListener: contextDestroyed()
06-May-2025 10:36:36.129 INFO [main] org.apache.catalina.core.ApplicationContext.log ContextListener: contextInitialized()
06-May-2025 10:36:36.129 INFO [main] org.apache.catalina.core.ApplicationContext.log SessionListener: contextInitialized()
06-May-2025 10:36:36.132 INFO [main] org.apache.catalina.core.ApplicationContext.log ContextListener: attributeAdded('StockTicker', 'async.Stockticker@4861cca9')
06-May-2025 10:37:26.125 INFO [main] org.apache.catalina.core.ApplicationContext.log ContextListener: contextInitialized()
06-May-2025 10:37:26.125 INFO [main] org.apache.catalina.core.ApplicationContext.log SessionListener: contextInitialized()
06-May-2025 10:37:26.128 INFO [main] org.apache.catalina.core.ApplicationContext.log ContextListener: attributeAdded('StockTicker', 'async.Stockticker@20ffb8d5')
06-May-2025 10:55:28.620 INFO [main] org.apache.catalina.core.ApplicationContext.log ContextListener: contextInitialized()
06-May-2025 10:55:28.621 INFO [main] org.apache.catalina.core.ApplicationContext.log SessionListener: contextInitialized()
06-May-2025 10:55:28.624 INFO [main] org.apache.catalina.core.ApplicationContext.log ContextListener: attributeAdded('StockTicker', 'async.Stockticker@307c59ea')
06-May-2025 10:57:27.234 INFO [main] org.apache.catalina.core.ApplicationContext.log ContextListener: contextInitialized()
06-May-2025 10:57:27.234 INFO [main] org.apache.catalina.core.ApplicationContext.log SessionListener: contextInitialized()
06-May-2025 10:57:27.237 INFO [main] org.apache.catalina.core.ApplicationContext.log ContextListener: attributeAdded('StockTicker', 'async.Stockticker@2edb2f8b')
06-May-2025 11:01:11.612 INFO [main] org.apache.catalina.core.ApplicationContext.log ContextListener: contextInitialized()
06-May-2025 11:01:11.613 INFO [main] org.apache.catalina.core.ApplicationContext.log SessionListener: contextInitialized()
06-May-2025 11:01:11.615 INFO [main] org.apache.catalina.core.ApplicationContext.log ContextListener: attributeAdded('StockTicker', 'async.Stockticker@57e03347')
06-May-2025 11:07:11.867 INFO [main] org.apache.catalina.core.ApplicationContext.log ContextListener: contextInitialized()
06-May-2025 11:07:11.867 INFO [main] org.apache.catalina.core.ApplicationContext.log SessionListener: contextInitialized()
06-May-2025 11:07:11.870 INFO [main] org.apache.catalina.core.ApplicationContext.log ContextListener: attributeAdded('StockTicker', 'async.Stockticker@2fdf22f7')
06-May-2025 11:10:39.618 INFO [main] org.apache.catalina.core.ApplicationContext.log ContextListener: contextInitialized()
06-May-2025 11:10:39.618 INFO [main] org.apache.catalina.core.ApplicationContext.log SessionListener: contextInitialized()
06-May-2025 11:10:39.620 INFO [main] org.apache.catalina.core.ApplicationContext.log ContextListener: attributeAdded('StockTicker', 'async.Stockticker@57e03347')
06-May-2025 11:15:17.029 INFO [main] org.apache.catalina.core.ApplicationContext.log ContextListener: contextInitialized()
06-May-2025 11:15:17.029 INFO [main] org.apache.catalina.core.ApplicationContext.log SessionListener: contextInitialized()
06-May-2025 11:15:17.032 INFO [main] org.apache.catalina.core.ApplicationContext.log ContextListener: attributeAdded('StockTicker', 'async.Stockticker@20ffb8d5')
06-May-2025 11:18:23.418 INFO [main] org.apache.catalina.core.ApplicationContext.log ContextListener: contextInitialized()
06-May-2025 11:18:23.418 INFO [main] org.apache.catalina.core.ApplicationContext.log SessionListener: contextInitialized()
06-May-2025 11:18:23.421 INFO [main] org.apache.catalina.core.ApplicationContext.log ContextListener: attributeAdded('StockTicker', 'async.Stockticker@727986ad')
06-May-2025 11:21:19.998 INFO [main] org.apache.catalina.core.ApplicationContext.log ContextListener: contextInitialized()
06-May-2025 11:21:19.999 INFO [main] org.apache.catalina.core.ApplicationContext.log SessionListener: contextInitialized()
06-May-2025 11:21:20.001 INFO [main] org.apache.catalina.core.ApplicationContext.log ContextListener: attributeAdded('StockTicker', 'async.Stockticker@72b2c5ed')
06-May-2025 11:29:15.308 INFO [main] org.apache.catalina.core.ApplicationContext.log ContextListener: contextInitialized()
06-May-2025 11:29:15.308 INFO [main] org.apache.catalina.core.ApplicationContext.log SessionListener: contextInitialized()
06-May-2025 11:29:15.311 INFO [main] org.apache.catalina.core.ApplicationContext.log ContextListener: attributeAdded('StockTicker', 'async.Stockticker@57e03347')
